2020-06-16 17:43:32.637  INFO 7988 --- [main] c.hobby.digibooky.DigibookyApplication   : Starting DigibookyApplication on WS501945 with PID 7988 (C:\_hobby-projects\digibooky\build\classes\java\main started by svb2xnc in C:\_hobby-projects\digibooky)
2020-06-16 17:43:32.640  INFO 7988 --- [main] c.hobby.digibooky.DigibookyApplication   : No active profile set, falling back to default profiles: default
2020-06-16 17:43:33.377  INFO 7988 --- [main] .s.d.r.c.RepositoryConfigurationDelegate : Bootstrapping Spring Data JPA repositories in DEFERRED mode.
2020-06-16 17:43:33.447  INFO 7988 --- [main] .s.d.r.c.RepositoryConfigurationDelegate : Finished Spring Data repository scanning in 59ms. Found 1 JPA repository interfaces.
2020-06-16 17:43:33.938  INFO 7988 --- [main] o.s.b.w.embedded.tomcat.TomcatWebServer  : Tomcat initialized with port(s): 8080 (http)
2020-06-16 17:43:33.946  INFO 7988 --- [main] o.apache.catalina.core.StandardService   : Starting service [Tomcat]
2020-06-16 17:43:33.947  INFO 7988 --- [main] org.apache.catalina.core.StandardEngine  : Starting Servlet engine: [Apache Tomcat/9.0.36]
2020-06-16 17:43:34.058  INFO 7988 --- [main] o.a.c.c.C.[Tomcat].[localhost].[/]       : Initializing Spring embedded WebApplicationContext
2020-06-16 17:43:34.058  INFO 7988 --- [main] w.s.c.ServletWebServerApplicationContext : Root WebApplicationContext: initialization completed in 1379 ms
2020-06-16 17:43:34.102  INFO 7988 --- [main] com.zaxxer.hikari.HikariDataSource       : HikariPool-1 - Starting...
2020-06-16 17:43:34.228  INFO 7988 --- [main] com.zaxxer.hikari.HikariDataSource       : HikariPool-1 - Start completed.
2020-06-16 17:43:34.235  INFO 7988 --- [main] o.s.b.a.h2.H2ConsoleAutoConfiguration    : H2 console available at '/h2'. Database available at 'jdbc:h2:mem:testdb'
2020-06-16 17:43:34.345  INFO 7988 --- [main] o.s.s.concurrent.ThreadPoolTaskExecutor  : Initializing ExecutorService 'applicationTaskExecutor'
2020-06-16 17:43:34.387  INFO 7988 --- [task-1] o.hibernate.jpa.internal.util.LogHelper  : HHH000204: Processing PersistenceUnitInfo [name: default]
2020-06-16 17:43:34.435  WARN 7988 --- [main] JpaBaseConfiguration$JpaWebConfiguration : spring.jpa.open-in-view is enabled by default. Therefore, database queries may be performed during view rendering. Explicitly configure spring.jpa.open-in-view to disable this warning
2020-06-16 17:43:34.439  INFO 7988 --- [task-1] org.hibernate.Version                    : HHH000412: Hibernate ORM core version 5.4.17.Final
2020-06-16 17:43:34.699  INFO 7988 --- [task-1] o.hibernate.annotations.common.Version   : HCANN000001: Hibernate Commons Annotations {5.1.0.Final}
2020-06-16 17:43:34.816  INFO 7988 --- [task-1] org.hibernate.dialect.Dialect            : HHH000400: Using dialect: org.hibernate.dialect.H2Dialect
2020-06-16 17:43:34.852  INFO 7988 --- [main] o.s.b.w.embedded.tomcat.TomcatWebServer  : Tomcat started on port(s): 8080 (http) with context path ''
2020-06-16 17:43:34.854  INFO 7988 --- [main] DeferredRepositoryInitializationListener : Triggering deferred initialization of Spring Data repositories…
2020-06-16 17:43:35.371  INFO 7988 --- [task-1] o.h.e.t.j.p.i.JtaPlatformInitiator       : HHH000490: Using JtaPlatform implementation: [org.hibernate.engine.transaction.jta.platform.internal.NoJtaPlatform]
2020-06-16 17:43:35.378  INFO 7988 --- [task-1] j.LocalContainerEntityManagerFactoryBean : Initialized JPA EntityManagerFactory for persistence unit 'default'
2020-06-16 17:43:35.520  INFO 7988 --- [main] DeferredRepositoryInitializationListener : Spring Data repositories initialized!
2020-06-16 17:43:35.528  INFO 7988 --- [main] c.hobby.digibooky.DigibookyApplication   : Started DigibookyApplication in 3.276 seconds (JVM running for 4.572)
2020-06-16 17:45:20.892  INFO 13484 --- [main] c.hobby.digibooky.DigibookyApplication   : Starting DigibookyApplication on WS501945 with PID 13484 (C:\_hobby-projects\digibooky\build\classes\java\main started by svb2xnc in C:\_hobby-projects\digibooky)
2020-06-16 17:45:20.896  INFO 13484 --- [main] c.hobby.digibooky.DigibookyApplication   : No active profile set, falling back to default profiles: default
2020-06-16 17:45:21.588  INFO 13484 --- [main] .s.d.r.c.RepositoryConfigurationDelegate : Bootstrapping Spring Data JPA repositories in DEFERRED mode.
2020-06-16 17:45:21.643  INFO 13484 --- [main] .s.d.r.c.RepositoryConfigurationDelegate : Finished Spring Data repository scanning in 48ms. Found 1 JPA repository interfaces.
2020-06-16 17:45:22.084  INFO 13484 --- [main] o.s.b.w.embedded.tomcat.TomcatWebServer  : Tomcat initialized with port(s): 8080 (http)
2020-06-16 17:45:22.093  INFO 13484 --- [main] o.apache.catalina.core.StandardService   : Starting service [Tomcat]
2020-06-16 17:45:22.093  INFO 13484 --- [main] org.apache.catalina.core.StandardEngine  : Starting Servlet engine: [Apache Tomcat/9.0.36]
2020-06-16 17:45:22.198  INFO 13484 --- [main] o.a.c.c.C.[Tomcat].[localhost].[/]       : Initializing Spring embedded WebApplicationContext
2020-06-16 17:45:22.198  INFO 13484 --- [main] w.s.c.ServletWebServerApplicationContext : Root WebApplicationContext: initialization completed in 1259 ms
2020-06-16 17:45:22.242  INFO 13484 --- [main] com.zaxxer.hikari.HikariDataSource       : HikariPool-1 - Starting...
2020-06-16 17:45:22.369  INFO 13484 --- [main] com.zaxxer.hikari.HikariDataSource       : HikariPool-1 - Start completed.
2020-06-16 17:45:22.375  INFO 13484 --- [main] o.s.b.a.h2.H2ConsoleAutoConfiguration    : H2 console available at '/h2'. Database available at 'jdbc:h2:mem:testdb'
2020-06-16 17:45:22.494  INFO 13484 --- [main] o.s.s.concurrent.ThreadPoolTaskExecutor  : Initializing ExecutorService 'applicationTaskExecutor'
2020-06-16 17:45:22.537  INFO 13484 --- [task-1] o.hibernate.jpa.internal.util.LogHelper  : HHH000204: Processing PersistenceUnitInfo [name: default]
2020-06-16 17:45:22.583  WARN 13484 --- [main] JpaBaseConfiguration$JpaWebConfiguration : spring.jpa.open-in-view is enabled by default. Therefore, database queries may be performed during view rendering. Explicitly configure spring.jpa.open-in-view to disable this warning
2020-06-16 17:45:22.590  INFO 13484 --- [task-1] org.hibernate.Version                    : HHH000412: Hibernate ORM core version 5.4.17.Final
2020-06-16 17:45:22.795  INFO 13484 --- [task-1] o.hibernate.annotations.common.Version   : HCANN000001: Hibernate Commons Annotations {5.1.0.Final}
2020-06-16 17:45:22.899  INFO 13484 --- [task-1] org.hibernate.dialect.Dialect            : HHH000400: Using dialect: org.hibernate.dialect.H2Dialect
2020-06-16 17:45:22.930  INFO 13484 --- [main] o.s.b.w.embedded.tomcat.TomcatWebServer  : Tomcat started on port(s): 8080 (http) with context path ''
2020-06-16 17:45:22.932  INFO 13484 --- [main] DeferredRepositoryInitializationListener : Triggering deferred initialization of Spring Data repositories…
2020-06-16 17:45:23.480  INFO 13484 --- [task-1] o.h.e.t.j.p.i.JtaPlatformInitiator       : HHH000490: Using JtaPlatform implementation: [org.hibernate.engine.transaction.jta.platform.internal.NoJtaPlatform]
2020-06-16 17:45:23.488  INFO 13484 --- [task-1] j.LocalContainerEntityManagerFactoryBean : Initialized JPA EntityManagerFactory for persistence unit 'default'
2020-06-16 17:45:23.652  INFO 13484 --- [main] DeferredRepositoryInitializationListener : Spring Data repositories initialized!
2020-06-16 17:45:23.660  INFO 13484 --- [main] c.hobby.digibooky.DigibookyApplication   : Started DigibookyApplication in 3.212 seconds (JVM running for 4.35)
2020-06-16 17:56:37.939  INFO 10012 --- [main] c.hobby.digibooky.DigibookyApplication   : Starting DigibookyApplication on WS501945 with PID 10012 (C:\_hobby-projects\digibooky\build\classes\java\main started by svb2xnc in C:\_hobby-projects\digibooky)
2020-06-16 17:56:37.941  INFO 10012 --- [main] c.hobby.digibooky.DigibookyApplication   : No active profile set, falling back to default profiles: default
2020-06-16 17:56:38.495  INFO 10012 --- [main] .s.d.r.c.RepositoryConfigurationDelegate : Bootstrapping Spring Data JPA repositories in DEFERRED mode.
2020-06-16 17:56:38.541  INFO 10012 --- [main] .s.d.r.c.RepositoryConfigurationDelegate : Finished Spring Data repository scanning in 39ms. Found 1 JPA repository interfaces.
2020-06-16 17:56:38.931  INFO 10012 --- [main] o.s.b.w.embedded.tomcat.TomcatWebServer  : Tomcat initialized with port(s): 8080 (http)
2020-06-16 17:56:38.940  INFO 10012 --- [main] o.apache.catalina.core.StandardService   : Starting service [Tomcat]
2020-06-16 17:56:38.940  INFO 10012 --- [main] org.apache.catalina.core.StandardEngine  : Starting Servlet engine: [Apache Tomcat/9.0.36]
2020-06-16 17:56:39.042  INFO 10012 --- [main] o.a.c.c.C.[Tomcat].[localhost].[/]       : Initializing Spring embedded WebApplicationContext
2020-06-16 17:56:39.043  INFO 10012 --- [main] w.s.c.ServletWebServerApplicationContext : Root WebApplicationContext: initialization completed in 1070 ms
2020-06-16 17:56:39.086  INFO 10012 --- [main] com.zaxxer.hikari.HikariDataSource       : HikariPool-1 - Starting...
2020-06-16 17:56:39.187  INFO 10012 --- [main] com.zaxxer.hikari.HikariDataSource       : HikariPool-1 - Start completed.
2020-06-16 17:56:39.193  INFO 10012 --- [main] o.s.b.a.h2.H2ConsoleAutoConfiguration    : H2 console available at '/h2'. Database available at 'jdbc:h2:mem:testdb'
2020-06-16 17:56:39.330  INFO 10012 --- [main] o.s.s.concurrent.ThreadPoolTaskExecutor  : Initializing ExecutorService 'applicationTaskExecutor'
2020-06-16 17:56:39.379  INFO 10012 --- [task-1] o.hibernate.jpa.internal.util.LogHelper  : HHH000204: Processing PersistenceUnitInfo [name: default]
2020-06-16 17:56:39.433  WARN 10012 --- [main] JpaBaseConfiguration$JpaWebConfiguration : spring.jpa.open-in-view is enabled by default. Therefore, database queries may be performed during view rendering. Explicitly configure spring.jpa.open-in-view to disable this warning
2020-06-16 17:56:39.440  INFO 10012 --- [task-1] org.hibernate.Version                    : HHH000412: Hibernate ORM core version 5.4.17.Final
2020-06-16 17:56:39.717  INFO 10012 --- [task-1] o.hibernate.annotations.common.Version   : HCANN000001: Hibernate Commons Annotations {5.1.0.Final}
2020-06-16 17:56:39.840  INFO 10012 --- [task-1] org.hibernate.dialect.Dialect            : HHH000400: Using dialect: org.hibernate.dialect.H2Dialect
2020-06-16 17:56:39.861  INFO 10012 --- [main] o.s.b.w.embedded.tomcat.TomcatWebServer  : Tomcat started on port(s): 8080 (http) with context path ''
2020-06-16 17:56:39.863  INFO 10012 --- [main] DeferredRepositoryInitializationListener : Triggering deferred initialization of Spring Data repositories…
2020-06-16 17:56:40.456  INFO 10012 --- [task-1] o.h.e.t.j.p.i.JtaPlatformInitiator       : HHH000490: Using JtaPlatform implementation: [org.hibernate.engine.transaction.jta.platform.internal.NoJtaPlatform]
2020-06-16 17:56:40.464  INFO 10012 --- [task-1] j.LocalContainerEntityManagerFactoryBean : Initialized JPA EntityManagerFactory for persistence unit 'default'
2020-06-16 17:56:40.616  INFO 10012 --- [main] DeferredRepositoryInitializationListener : Spring Data repositories initialized!
2020-06-16 17:56:40.628  INFO 10012 --- [main] c.hobby.digibooky.DigibookyApplication   : Started DigibookyApplication in 3.093 seconds (JVM running for 3.978)
2020-06-16 17:56:50.840  INFO 10012 --- [http-nio-8080-exec-2] o.a.c.c.C.[Tomcat].[localhost].[/]       : Initializing Spring DispatcherServlet 'dispatcherServlet'
2020-06-16 17:56:50.841  INFO 10012 --- [http-nio-8080-exec-2] o.s.web.servlet.DispatcherServlet        : Initializing Servlet 'dispatcherServlet'
2020-06-16 17:56:50.846  INFO 10012 --- [http-nio-8080-exec-2] o.s.web.servlet.DispatcherServlet        : Completed initialization in 5 ms
2020-06-16 17:56:50.867  INFO 10012 --- [http-nio-8080-exec-2] com.hobby.digibooky.api.BookController   : Returned all books
